Copyright 1986-2019 Xilinx, Inc. All Rights Reserved.
--------------------------------------------------------------------------------------------------------------------------------------------------------------------------------------------------------
| Tool Version : Vivado v.2019.1 (win64) Build 2552052 Fri May 24 14:49:42 MDT 2019
| Date         : Thu May 16 17:31:06 2024
| Host         : index-pc running 64-bit major release  (build 9200)
| Command      : report_timing_summary -max_paths 10 -file chronometre_timing_summary_routed.rpt -pb chronometre_timing_summary_routed.pb -rpx chronometre_timing_summary_routed.rpx -warn_on_violation
| Design       : chronometre
| Device       : 7a35t-cpg236
| Speed File   : -1  PRODUCTION 1.23 2018-06-13
--------------------------------------------------------------------------------------------------------------------------------------------------------------------------------------------------------

Timing Summary Report

------------------------------------------------------------------------------------------------
| Timer Settings
| --------------
------------------------------------------------------------------------------------------------

  Enable Multi Corner Analysis               :  Yes
  Enable Pessimism Removal                   :  Yes
  Pessimism Removal Resolution               :  Nearest Common Node
  Enable Input Delay Default Clock           :  No
  Enable Preset / Clear Arcs                 :  No
  Disable Flight Delays                      :  No
  Ignore I/O Paths                           :  No
  Timing Early Launch at Borrowing Latches   :  No
  Borrow Time for Max Delay Exceptions       :  Yes

  Corner  Analyze    Analyze    
  Name    Max Paths  Min Paths  
  ------  ---------  ---------  
  Slow    Yes        Yes        
  Fast    Yes        Yes        



check_timing report

Table of Contents
-----------------
1. checking no_clock
2. checking constant_clock
3. checking pulse_width_clock
4. checking unconstrained_internal_endpoints
5. checking no_input_delay
6. checking no_output_delay
7. checking multiple_clock
8. checking generated_clocks
9. checking loops
10. checking partial_input_delay
11. checking partial_output_delay
12. checking latch_loops

1. checking no_clock
--------------------
 There is 1 register/latch pin with no clock driven by root clock pin: RST (HIGH)

 There is 1 register/latch pin with no clock driven by root clock pin: btnR (HIGH)

 There are 13 register/latch pins with no clock driven by root clock pin: clk_10khz_reg/Q (HIGH)

 There are 14 register/latch pins with no clock driven by root clock pin: clk_1hz_reg/Q (HIGH)


2. checking constant_clock
--------------------------
 There are 0 register/latch pins with constant_clock.


3. checking pulse_width_clock
-----------------------------
 There are 0 register/latch pins which need pulse_width check


4. checking unconstrained_internal_endpoints
--------------------------------------------
 There are 50 pins that are not constrained for maximum delay. (HIGH)

 There are 0 pins that are not constrained for maximum delay due to constant clock.


5. checking no_input_delay
--------------------------
 There are 2 input ports with no input delay specified. (HIGH)

 There are 0 input ports with no input delay but user has a false path constraint.


6. checking no_output_delay
---------------------------
 There are 11 ports with no output delay specified. (HIGH)

 There are 0 ports with no output delay but user has a false path constraint

 There are 0 ports with no output delay but with a timing clock defined on it or propagating through it


7. checking multiple_clock
--------------------------
 There are 0 register/latch pins with multiple clocks.


8. checking generated_clocks
----------------------------
 There are 0 generated clocks that are not connected to a clock source.


9. checking loops
-----------------
 There are 0 combinational loops in the design.


10. checking partial_input_delay
--------------------------------
 There are 0 input ports with partial input delay specified.


11. checking partial_output_delay
---------------------------------
 There are 0 ports with partial output delay specified.


12. checking latch_loops
------------------------
 There are 0 combinational latch loops in the design through latch input



------------------------------------------------------------------------------------------------
| Design Timing Summary
| ---------------------
------------------------------------------------------------------------------------------------

    WNS(ns)      TNS(ns)  TNS Failing Endpoints  TNS Total Endpoints      WHS(ns)      THS(ns)  THS Failing Endpoints  THS Total Endpoints     WPWS(ns)     TPWS(ns)  TPWS Failing Endpoints  TPWS Total Endpoints  
    -------      -------  ---------------------  -------------------      -------      -------  ---------------------  -------------------     --------     --------  ----------------------  --------------------  
      5.329        0.000                      0                   84        0.263        0.000                      0                   84        4.500        0.000                       0                    45  


All user specified timing constraints are met.


------------------------------------------------------------------------------------------------
| Clock Summary
| -------------
------------------------------------------------------------------------------------------------

Clock        Waveform(ns)       Period(ns)      Frequency(MHz)
-----        ------------       ----------      --------------
sys_clk_pin  {0.000 5.000}      10.000          100.000         


------------------------------------------------------------------------------------------------
| Intra Clock Table
| -----------------
------------------------------------------------------------------------------------------------

Clock             WNS(ns)      TNS(ns)  TNS Failing Endpoints  TNS Total Endpoints      WHS(ns)      THS(ns)  THS Failing Endpoints  THS Total Endpoints     WPWS(ns)     TPWS(ns)  TPWS Failing Endpoints  TPWS Total Endpoints  
-----             -------      -------  ---------------------  -------------------      -------      -------  ---------------------  -------------------     --------     --------  ----------------------  --------------------  
sys_clk_pin         5.329        0.000                      0                   84        0.263        0.000                      0                   84        4.500        0.000                       0                    45  


------------------------------------------------------------------------------------------------
| Inter Clock Table
| -----------------
------------------------------------------------------------------------------------------------

From Clock    To Clock          WNS(ns)      TNS(ns)  TNS Failing Endpoints  TNS Total Endpoints      WHS(ns)      THS(ns)  THS Failing Endpoints  THS Total Endpoints  
----------    --------          -------      -------  ---------------------  -------------------      -------      -------  ---------------------  -------------------  


------------------------------------------------------------------------------------------------
| Other Path Groups Table
| -----------------------
------------------------------------------------------------------------------------------------

Path Group    From Clock    To Clock          WNS(ns)      TNS(ns)  TNS Failing Endpoints  TNS Total Endpoints      WHS(ns)      THS(ns)  THS Failing Endpoints  THS Total Endpoints  
----------    ----------    --------          -------      -------  ---------------------  -------------------      -------      -------  ---------------------  -------------------  


------------------------------------------------------------------------------------------------
| Timing Details
| --------------
------------------------------------------------------------------------------------------------


---------------------------------------------------------------------------------------------------
From Clock:  sys_clk_pin
  To Clock:  sys_clk_pin

Setup :            0  Failing Endpoints,  Worst Slack        5.329ns,  Total Violation        0.000ns
Hold  :            0  Failing Endpoints,  Worst Slack        0.263ns,  Total Violation        0.000ns
PW    :            0  Failing Endpoints,  Worst Slack        4.500ns,  Total Violation        0.000ns
---------------------------------------------------------------------------------------------------


Max Delay Paths
--------------------------------------------------------------------------------------
Slack (MET) :             5.329ns  (required time - arrival time)
  Source:                 clk_1hz_counter_reg[24]/C
                            (rising edge-triggered cell FDRE clocked by sys_clk_pin  {rise@0.000ns fall@5.000ns period=10.000ns})
  Destination:            clk_1hz_counter_reg[1]/R
                            (rising edge-triggered cell FDRE clocked by sys_clk_pin  {rise@0.000ns fall@5.000ns period=10.000ns})
  Path Group:             sys_clk_pin
  Path Type:              Setup (Max at Slow Process Corner)
  Requirement:            10.000ns  (sys_clk_pin rise@10.000ns - sys_clk_pin rise@0.000ns)
  Data Path Delay:        4.177ns  (logic 0.828ns (19.824%)  route 3.349ns (80.176%))
  Logic Levels:           3  (LUT2=1 LUT5=1 LUT6=1)
  Clock Path Skew:        -0.030ns (DCD - SCD + CPR)
    Destination Clock Delay (DCD):    4.848ns = ( 14.848 - 10.000 ) 
    Source Clock Delay      (SCD):    5.138ns
    Clock Pessimism Removal (CPR):    0.260ns
  Clock Uncertainty:      0.035ns  ((TSJ^2 + TIJ^2)^1/2 + DJ) / 2 + PE
    Total System Jitter     (TSJ):    0.071ns
    Total Input Jitter      (TIJ):    0.000ns
    Discrete Jitter          (DJ):    0.000ns
    Phase Error              (PE):    0.000ns

    Location             Delay type                Incr(ns)  Path(ns)    Netlist Resource(s)
  -------------------------------------------------------------------    -------------------
                         (clock sys_clk_pin rise edge)
                                                      0.000     0.000 r  
    W5                                                0.000     0.000 r  CLK (IN)
                         net (fo=0)                   0.000     0.000    CLK
    W5                   IBUF (Prop_ibuf_I_O)         1.458     1.458 r  CLK_IBUF_inst/O
                         net (fo=1, routed)           1.967     3.425    CLK_IBUF
    BUFGCTRL_X0Y0        BUFG (Prop_bufg_I_O)         0.096     3.521 r  CLK_IBUF_BUFG_inst/O
                         net (fo=44, routed)          1.617     5.138    CLK_IBUF_BUFG
    SLICE_X58Y25         FDRE                                         r  clk_1hz_counter_reg[24]/C
  -------------------------------------------------------------------    -------------------
    SLICE_X58Y25         FDRE (Prop_fdre_C_Q)         0.456     5.594 f  clk_1hz_counter_reg[24]/Q
                         net (fo=2, routed)           1.591     7.186    clk_1hz_counter_reg_n_0_[24]
    SLICE_X59Y21         LUT5 (Prop_lut5_I1_O)        0.124     7.310 f  clk_1hz_counter[0]_i_8/O
                         net (fo=1, routed)           0.640     7.949    clk_1hz_counter[0]_i_8_n_0
    SLICE_X59Y23         LUT6 (Prop_lut6_I5_O)        0.124     8.073 f  clk_1hz_counter[0]_i_2/O
                         net (fo=3, routed)           0.165     8.238    clk_1hz_counter[0]_i_2_n_0
    SLICE_X59Y23         LUT2 (Prop_lut2_I1_O)        0.124     8.362 r  clk_1hz_counter[25]_i_1/O
                         net (fo=25, routed)          0.953     9.315    clk_1hz
    SLICE_X58Y20         FDRE                                         r  clk_1hz_counter_reg[1]/R
  -------------------------------------------------------------------    -------------------

                         (clock sys_clk_pin rise edge)
                                                     10.000    10.000 r  
    W5                                                0.000    10.000 r  CLK (IN)
                         net (fo=0)                   0.000    10.000    CLK
    W5                   IBUF (Prop_ibuf_I_O)         1.388    11.388 r  CLK_IBUF_inst/O
                         net (fo=1, routed)           1.862    13.250    CLK_IBUF
    BUFGCTRL_X0Y0        BUFG (Prop_bufg_I_O)         0.091    13.341 r  CLK_IBUF_BUFG_inst/O
                         net (fo=44, routed)          1.507    14.848    CLK_IBUF_BUFG
    SLICE_X58Y20         FDRE                                         r  clk_1hz_counter_reg[1]/C
                         clock pessimism              0.260    15.108    
                         clock uncertainty           -0.035    15.073    
    SLICE_X58Y20         FDRE (Setup_fdre_C_R)       -0.429    14.644    clk_1hz_counter_reg[1]
  -------------------------------------------------------------------
                         required time                         14.644    
                         arrival time                          -9.315    
  -------------------------------------------------------------------
                         slack                                  5.329    

Slack (MET) :             5.329ns  (required time - arrival time)
  Source:                 clk_1hz_counter_reg[24]/C
                            (rising edge-triggered cell FDRE clocked by sys_clk_pin  {rise@0.000ns fall@5.000ns period=10.000ns})
  Destination:            clk_1hz_counter_reg[2]/R
                            (rising edge-triggered cell FDRE clocked by sys_clk_pin  {rise@0.000ns fall@5.000ns period=10.000ns})
  Path Group:             sys_clk_pin
  Path Type:              Setup (Max at Slow Process Corner)
  Requirement:            10.000ns  (sys_clk_pin rise@10.000ns - sys_clk_pin rise@0.000ns)
  Data Path Delay:        4.177ns  (logic 0.828ns (19.824%)  route 3.349ns (80.176%))
  Logic Levels:           3  (LUT2=1 LUT5=1 LUT6=1)
  Clock Path Skew:        -0.030ns (DCD - SCD + CPR)
    Destination Clock Delay (DCD):    4.848ns = ( 14.848 - 10.000 ) 
    Source Clock Delay      (SCD):    5.138ns
    Clock Pessimism Removal (CPR):    0.260ns
  Clock Uncertainty:      0.035ns  ((TSJ^2 + TIJ^2)^1/2 + DJ) / 2 + PE
    Total System Jitter     (TSJ):    0.071ns
    Total Input Jitter      (TIJ):    0.000ns
    Discrete Jitter          (DJ):    0.000ns
    Phase Error              (PE):    0.000ns

    Location             Delay type                Incr(ns)  Path(ns)    Netlist Resource(s)
  -------------------------------------------------------------------    -------------------
                         (clock sys_clk_pin rise edge)
                                                      0.000     0.000 r  
    W5                                                0.000     0.000 r  CLK (IN)
                         net (fo=0)                   0.000     0.000    CLK
    W5                   IBUF (Prop_ibuf_I_O)         1.458     1.458 r  CLK_IBUF_inst/O
                         net (fo=1, routed)           1.967     3.425    CLK_IBUF
    BUFGCTRL_X0Y0        BUFG (Prop_bufg_I_O)         0.096     3.521 r  CLK_IBUF_BUFG_inst/O
                         net (fo=44, routed)          1.617     5.138    CLK_IBUF_BUFG
    SLICE_X58Y25         FDRE                                         r  clk_1hz_counter_reg[24]/C
  -------------------------------------------------------------------    -------------------
    SLICE_X58Y25         FDRE (Prop_fdre_C_Q)         0.456     5.594 f  clk_1hz_counter_reg[24]/Q
                         net (fo=2, routed)           1.591     7.186    clk_1hz_counter_reg_n_0_[24]
    SLICE_X59Y21         LUT5 (Prop_lut5_I1_O)        0.124     7.310 f  clk_1hz_counter[0]_i_8/O
                         net (fo=1, routed)           0.640     7.949    clk_1hz_counter[0]_i_8_n_0
    SLICE_X59Y23         LUT6 (Prop_lut6_I5_O)        0.124     8.073 f  clk_1hz_counter[0]_i_2/O
                         net (fo=3, routed)           0.165     8.238    clk_1hz_counter[0]_i_2_n_0
    SLICE_X59Y23         LUT2 (Prop_lut2_I1_O)        0.124     8.362 r  clk_1hz_counter[25]_i_1/O
                         net (fo=25, routed)          0.953     9.315    clk_1hz
    SLICE_X58Y20         FDRE                                         r  clk_1hz_counter_reg[2]/R
  -------------------------------------------------------------------    -------------------

                         (clock sys_clk_pin rise edge)
                                                     10.000    10.000 r  
    W5                                                0.000    10.000 r  CLK (IN)
                         net (fo=0)                   0.000    10.000    CLK
    W5                   IBUF (Prop_ibuf_I_O)         1.388    11.388 r  CLK_IBUF_inst/O
                         net (fo=1, routed)           1.862    13.250    CLK_IBUF
    BUFGCTRL_X0Y0        BUFG (Prop_bufg_I_O)         0.091    13.341 r  CLK_IBUF_BUFG_inst/O
                         net (fo=44, routed)          1.507    14.848    CLK_IBUF_BUFG
    SLICE_X58Y20         FDRE                                         r  clk_1hz_counter_reg[2]/C
                         clock pessimism              0.260    15.108    
                         clock uncertainty           -0.035    15.073    
    SLICE_X58Y20         FDRE (Setup_fdre_C_R)       -0.429    14.644    clk_1hz_counter_reg[2]
  -------------------------------------------------------------------
                         required time                         14.644    
                         arrival time                          -9.315    
  -------------------------------------------------------------------
                         slack                                  5.329    

Slack (MET) :             5.329ns  (required time - arrival time)
  Source:                 clk_1hz_counter_reg[24]/C
                            (rising edge-triggered cell FDRE clocked by sys_clk_pin  {rise@0.000ns fall@5.000ns period=10.000ns})
  Destination:            clk_1hz_counter_reg[3]/R
                            (rising edge-triggered cell FDRE clocked by sys_clk_pin  {rise@0.000ns fall@5.000ns period=10.000ns})
  Path Group:             sys_clk_pin
  Path Type:              Setup (Max at Slow Process Corner)
  Requirement:            10.000ns  (sys_clk_pin rise@10.000ns - sys_clk_pin rise@0.000ns)
  Data Path Delay:        4.177ns  (logic 0.828ns (19.824%)  route 3.349ns (80.176%))
  Logic Levels:           3  (LUT2=1 LUT5=1 LUT6=1)
  Clock Path Skew:        -0.030ns (DCD - SCD + CPR)
    Destination Clock Delay (DCD):    4.848ns = ( 14.848 - 10.000 ) 
    Source Clock Delay      (SCD):    5.138ns
    Clock Pessimism Removal (CPR):    0.260ns
  Clock Uncertainty:      0.035ns  ((TSJ^2 + TIJ^2)^1/2 + DJ) / 2 + PE
    Total System Jitter     (TSJ):    0.071ns
    Total Input Jitter      (TIJ):    0.000ns
    Discrete Jitter          (DJ):    0.000ns
    Phase Error              (PE):    0.000ns

    Location             Delay type                Incr(ns)  Path(ns)    Netlist Resource(s)
  -------------------------------------------------------------------    -------------------
                         (clock sys_clk_pin rise edge)
                                                      0.000     0.000 r  
    W5                                                0.000     0.000 r  CLK (IN)
                         net (fo=0)                   0.000     0.000    CLK
    W5                   IBUF (Prop_ibuf_I_O)         1.458     1.458 r  CLK_IBUF_inst/O
                         net (fo=1, routed)           1.967     3.425    CLK_IBUF
    BUFGCTRL_X0Y0        BUFG (Prop_bufg_I_O)         0.096     3.521 r  CLK_IBUF_BUFG_inst/O
                         net (fo=44, routed)          1.617     5.138    CLK_IBUF_BUFG
    SLICE_X58Y25         FDRE                                         r  clk_1hz_counter_reg[24]/C
  -------------------------------------------------------------------    -------------------
    SLICE_X58Y25         FDRE (Prop_fdre_C_Q)         0.456     5.594 f  clk_1hz_counter_reg[24]/Q
                         net (fo=2, routed)           1.591     7.186    clk_1hz_counter_reg_n_0_[24]
    SLICE_X59Y21         LUT5 (Prop_lut5_I1_O)        0.124     7.310 f  clk_1hz_counter[0]_i_8/O
                         net (fo=1, routed)           0.640     7.949    clk_1hz_counter[0]_i_8_n_0
    SLICE_X59Y23         LUT6 (Prop_lut6_I5_O)        0.124     8.073 f  clk_1hz_counter[0]_i_2/O
                         net (fo=3, routed)           0.165     8.238    clk_1hz_counter[0]_i_2_n_0
    SLICE_X59Y23         LUT2 (Prop_lut2_I1_O)        0.124     8.362 r  clk_1hz_counter[25]_i_1/O
                         net (fo=25, routed)          0.953     9.315    clk_1hz
    SLICE_X58Y20         FDRE                                         r  clk_1hz_counter_reg[3]/R
  -------------------------------------------------------------------    -------------------

                         (clock sys_clk_pin rise edge)
                                                     10.000    10.000 r  
    W5                                                0.000    10.000 r  CLK (IN)
                         net (fo=0)                   0.000    10.000    CLK
    W5                   IBUF (Prop_ibuf_I_O)         1.388    11.388 r  CLK_IBUF_inst/O
                         net (fo=1, routed)           1.862    13.250    CLK_IBUF
    BUFGCTRL_X0Y0        BUFG (Prop_bufg_I_O)         0.091    13.341 r  CLK_IBUF_BUFG_inst/O
                         net (fo=44, routed)          1.507    14.848    CLK_IBUF_BUFG
    SLICE_X58Y20         FDRE                                         r  clk_1hz_counter_reg[3]/C
                         clock pessimism              0.260    15.108    
                         clock uncertainty           -0.035    15.073    
    SLICE_X58Y20         FDRE (Setup_fdre_C_R)       -0.429    14.644    clk_1hz_counter_reg[3]
  -------------------------------------------------------------------
                         required time                         14.644    
                         arrival time                          -9.315    
  -------------------------------------------------------------------
                         slack                                  5.329    

Slack (MET) :             5.329ns  (required time - arrival time)
  Source:                 clk_1hz_counter_reg[24]/C
                            (rising edge-triggered cell FDRE clocked by sys_clk_pin  {rise@0.000ns fall@5.000ns period=10.000ns})
  Destination:            clk_1hz_counter_reg[4]/R
                            (rising edge-triggered cell FDRE clocked by sys_clk_pin  {rise@0.000ns fall@5.000ns period=10.000ns})
  Path Group:             sys_clk_pin
  Path Type:              Setup (Max at Slow Process Corner)
  Requirement:            10.000ns  (sys_clk_pin rise@10.000ns - sys_clk_pin rise@0.000ns)
  Data Path Delay:        4.177ns  (logic 0.828ns (19.824%)  route 3.349ns (80.176%))
  Logic Levels:           3  (LUT2=1 LUT5=1 LUT6=1)
  Clock Path Skew:        -0.030ns (DCD - SCD + CPR)
    Destination Clock Delay (DCD):    4.848ns = ( 14.848 - 10.000 ) 
    Source Clock Delay      (SCD):    5.138ns
    Clock Pessimism Removal (CPR):    0.260ns
  Clock Uncertainty:      0.035ns  ((TSJ^2 + TIJ^2)^1/2 + DJ) / 2 + PE
    Total System Jitter     (TSJ):    0.071ns
    Total Input Jitter      (TIJ):    0.000ns
    Discrete Jitter          (DJ):    0.000ns
    Phase Error              (PE):    0.000ns

    Location             Delay type                Incr(ns)  Path(ns)    Netlist Resource(s)
  -------------------------------------------------------------------    -------------------
                         (clock sys_clk_pin rise edge)
                                                      0.000     0.000 r  
    W5                                                0.000     0.000 r  CLK (IN)
                         net (fo=0)                   0.000     0.000    CLK
    W5                   IBUF (Prop_ibuf_I_O)         1.458     1.458 r  CLK_IBUF_inst/O
                         net (fo=1, routed)           1.967     3.425    CLK_IBUF
    BUFGCTRL_X0Y0        BUFG (Prop_bufg_I_O)         0.096     3.521 r  CLK_IBUF_BUFG_inst/O
                         net (fo=44, routed)          1.617     5.138    CLK_IBUF_BUFG
    SLICE_X58Y25         FDRE                                         r  clk_1hz_counter_reg[24]/C
  -------------------------------------------------------------------    -------------------
    SLICE_X58Y25         FDRE (Prop_fdre_C_Q)         0.456     5.594 f  clk_1hz_counter_reg[24]/Q
                         net (fo=2, routed)           1.591     7.186    clk_1hz_counter_reg_n_0_[24]
    SLICE_X59Y21         LUT5 (Prop_lut5_I1_O)        0.124     7.310 f  clk_1hz_counter[0]_i_8/O
                         net (fo=1, routed)           0.640     7.949    clk_1hz_counter[0]_i_8_n_0
    SLICE_X59Y23         LUT6 (Prop_lut6_I5_O)        0.124     8.073 f  clk_1hz_counter[0]_i_2/O
                         net (fo=3, routed)           0.165     8.238    clk_1hz_counter[0]_i_2_n_0
    SLICE_X59Y23         LUT2 (Prop_lut2_I1_O)        0.124     8.362 r  clk_1hz_counter[25]_i_1/O
                         net (fo=25, routed)          0.953     9.315    clk_1hz
    SLICE_X58Y20         FDRE                                         r  clk_1hz_counter_reg[4]/R
  -------------------------------------------------------------------    -------------------

                         (clock sys_clk_pin rise edge)
                                                     10.000    10.000 r  
    W5                                                0.000    10.000 r  CLK (IN)
                         net (fo=0)                   0.000    10.000    CLK
    W5                   IBUF (Prop_ibuf_I_O)         1.388    11.388 r  CLK_IBUF_inst/O
                         net (fo=1, routed)           1.862    13.250    CLK_IBUF
    BUFGCTRL_X0Y0        BUFG (Prop_bufg_I_O)         0.091    13.341 r  CLK_IBUF_BUFG_inst/O
                         net (fo=44, routed)          1.507    14.848    CLK_IBUF_BUFG
    SLICE_X58Y20         FDRE                                         r  clk_1hz_counter_reg[4]/C
                         clock pessimism              0.260    15.108    
                         clock uncertainty           -0.035    15.073    
    SLICE_X58Y20         FDRE (Setup_fdre_C_R)       -0.429    14.644    clk_1hz_counter_reg[4]
  -------------------------------------------------------------------
                         required time                         14.644    
                         arrival time                          -9.315    
  -------------------------------------------------------------------
                         slack                                  5.329    

Slack (MET) :             5.377ns  (required time - arrival time)
  Source:                 clk_1hz_counter_reg[24]/C
                            (rising edge-triggered cell FDRE clocked by sys_clk_pin  {rise@0.000ns fall@5.000ns period=10.000ns})
  Destination:            clk_1hz_counter_reg[5]/R
                            (rising edge-triggered cell FDRE clocked by sys_clk_pin  {rise@0.000ns fall@5.000ns period=10.000ns})
  Path Group:             sys_clk_pin
  Path Type:              Setup (Max at Slow Process Corner)
  Requirement:            10.000ns  (sys_clk_pin rise@10.000ns - sys_clk_pin rise@0.000ns)
  Data Path Delay:        4.128ns  (logic 0.828ns (20.059%)  route 3.300ns (79.941%))
  Logic Levels:           3  (LUT2=1 LUT5=1 LUT6=1)
  Clock Path Skew:        -0.031ns (DCD - SCD + CPR)
    Destination Clock Delay (DCD):    4.847ns = ( 14.847 - 10.000 ) 
    Source Clock Delay      (SCD):    5.138ns
    Clock Pessimism Removal (CPR):    0.260ns
  Clock Uncertainty:      0.035ns  ((TSJ^2 + TIJ^2)^1/2 + DJ) / 2 + PE
    Total System Jitter     (TSJ):    0.071ns
    Total Input Jitter      (TIJ):    0.000ns
    Discrete Jitter          (DJ):    0.000ns
    Phase Error              (PE):    0.000ns

    Location             Delay type                Incr(ns)  Path(ns)    Netlist Resource(s)
  -------------------------------------------------------------------    -------------------
                         (clock sys_clk_pin rise edge)
                                                      0.000     0.000 r  
    W5                                                0.000     0.000 r  CLK (IN)
                         net (fo=0)                   0.000     0.000    CLK
    W5                   IBUF (Prop_ibuf_I_O)         1.458     1.458 r  CLK_IBUF_inst/O
                         net (fo=1, routed)           1.967     3.425    CLK_IBUF
    BUFGCTRL_X0Y0        BUFG (Prop_bufg_I_O)         0.096     3.521 r  CLK_IBUF_BUFG_inst/O
                         net (fo=44, routed)          1.617     5.138    CLK_IBUF_BUFG
    SLICE_X58Y25         FDRE                                         r  clk_1hz_counter_reg[24]/C
  -------------------------------------------------------------------    -------------------
    SLICE_X58Y25         FDRE (Prop_fdre_C_Q)         0.456     5.594 f  clk_1hz_counter_reg[24]/Q
                         net (fo=2, routed)           1.591     7.186    clk_1hz_counter_reg_n_0_[24]
    SLICE_X59Y21         LUT5 (Prop_lut5_I1_O)        0.124     7.310 f  clk_1hz_counter[0]_i_8/O
                         net (fo=1, routed)           0.640     7.949    clk_1hz_counter[0]_i_8_n_0
    SLICE_X59Y23         LUT6 (Prop_lut6_I5_O)        0.124     8.073 f  clk_1hz_counter[0]_i_2/O
                         net (fo=3, routed)           0.165     8.238    clk_1hz_counter[0]_i_2_n_0
    SLICE_X59Y23         LUT2 (Prop_lut2_I1_O)        0.124     8.362 r  clk_1hz_counter[25]_i_1/O
                         net (fo=25, routed)          0.904     9.266    clk_1hz
    SLICE_X58Y21         FDRE                                         r  clk_1hz_counter_reg[5]/R
  -------------------------------------------------------------------    -------------------

                         (clock sys_clk_pin rise edge)
                                                     10.000    10.000 r  
    W5                                                0.000    10.000 r  CLK (IN)
                         net (fo=0)                   0.000    10.000    CLK
    W5                   IBUF (Prop_ibuf_I_O)         1.388    11.388 r  CLK_IBUF_inst/O
                         net (fo=1, routed)           1.862    13.250    CLK_IBUF
    BUFGCTRL_X0Y0        BUFG (Prop_bufg_I_O)         0.091    13.341 r  CLK_IBUF_BUFG_inst/O
                         net (fo=44, routed)          1.506    14.847    CLK_IBUF_BUFG
    SLICE_X58Y21         FDRE                                         r  clk_1hz_counter_reg[5]/C
                         clock pessimism              0.260    15.107    
                         clock uncertainty           -0.035    15.072    
    SLICE_X58Y21         FDRE (Setup_fdre_C_R)       -0.429    14.643    clk_1hz_counter_reg[5]
  -------------------------------------------------------------------
                         required time                         14.643    
                         arrival time                          -9.266    
  -------------------------------------------------------------------
                         slack                                  5.377    

Slack (MET) :             5.377ns  (required time - arrival time)
  Source:                 clk_1hz_counter_reg[24]/C
                            (rising edge-triggered cell FDRE clocked by sys_clk_pin  {rise@0.000ns fall@5.000ns period=10.000ns})
  Destination:            clk_1hz_counter_reg[6]/R
                            (rising edge-triggered cell FDRE clocked by sys_clk_pin  {rise@0.000ns fall@5.000ns period=10.000ns})
  Path Group:             sys_clk_pin
  Path Type:              Setup (Max at Slow Process Corner)
  Requirement:            10.000ns  (sys_clk_pin rise@10.000ns - sys_clk_pin rise@0.000ns)
  Data Path Delay:        4.128ns  (logic 0.828ns (20.059%)  route 3.300ns (79.941%))
  Logic Levels:           3  (LUT2=1 LUT5=1 LUT6=1)
  Clock Path Skew:        -0.031ns (DCD - SCD + CPR)
    Destination Clock Delay (DCD):    4.847ns = ( 14.847 - 10.000 ) 
    Source Clock Delay      (SCD):    5.138ns
    Clock Pessimism Removal (CPR):    0.260ns
  Clock Uncertainty:      0.035ns  ((TSJ^2 + TIJ^2)^1/2 + DJ) / 2 + PE
    Total System Jitter     (TSJ):    0.071ns
    Total Input Jitter      (TIJ):    0.000ns
    Discrete Jitter          (DJ):    0.000ns
    Phase Error              (PE):    0.000ns

    Location             Delay type                Incr(ns)  Path(ns)    Netlist Resource(s)
  -------------------------------------------------------------------    -------------------
                         (clock sys_clk_pin rise edge)
                                                      0.000     0.000 r  
    W5                                                0.000     0.000 r  CLK (IN)
                         net (fo=0)                   0.000     0.000    CLK
    W5                   IBUF (Prop_ibuf_I_O)         1.458     1.458 r  CLK_IBUF_inst/O
                         net (fo=1, routed)           1.967     3.425    CLK_IBUF
    BUFGCTRL_X0Y0        BUFG (Prop_bufg_I_O)         0.096     3.521 r  CLK_IBUF_BUFG_inst/O
                         net (fo=44, routed)          1.617     5.138    CLK_IBUF_BUFG
    SLICE_X58Y25         FDRE                                         r  clk_1hz_counter_reg[24]/C
  -------------------------------------------------------------------    -------------------
    SLICE_X58Y25         FDRE (Prop_fdre_C_Q)         0.456     5.594 f  clk_1hz_counter_reg[24]/Q
                         net (fo=2, routed)           1.591     7.186    clk_1hz_counter_reg_n_0_[24]
    SLICE_X59Y21         LUT5 (Prop_lut5_I1_O)        0.124     7.310 f  clk_1hz_counter[0]_i_8/O
                         net (fo=1, routed)           0.640     7.949    clk_1hz_counter[0]_i_8_n_0
    SLICE_X59Y23         LUT6 (Prop_lut6_I5_O)        0.124     8.073 f  clk_1hz_counter[0]_i_2/O
                         net (fo=3, routed)           0.165     8.238    clk_1hz_counter[0]_i_2_n_0
    SLICE_X59Y23         LUT2 (Prop_lut2_I1_O)        0.124     8.362 r  clk_1hz_counter[25]_i_1/O
                         net (fo=25, routed)          0.904     9.266    clk_1hz
    SLICE_X58Y21         FDRE                                         r  clk_1hz_counter_reg[6]/R
  -------------------------------------------------------------------    -------------------

                         (clock sys_clk_pin rise edge)
                                                     10.000    10.000 r  
    W5                                                0.000    10.000 r  CLK (IN)
                         net (fo=0)                   0.000    10.000    CLK
    W5                   IBUF (Prop_ibuf_I_O)         1.388    11.388 r  CLK_IBUF_inst/O
                         net (fo=1, routed)           1.862    13.250    CLK_IBUF
    BUFGCTRL_X0Y0        BUFG (Prop_bufg_I_O)         0.091    13.341 r  CLK_IBUF_BUFG_inst/O
                         net (fo=44, routed)          1.506    14.847    CLK_IBUF_BUFG
    SLICE_X58Y21         FDRE                                         r  clk_1hz_counter_reg[6]/C
                         clock pessimism              0.260    15.107    
                         clock uncertainty           -0.035    15.072    
    SLICE_X58Y21         FDRE (Setup_fdre_C_R)       -0.429    14.643    clk_1hz_counter_reg[6]
  -------------------------------------------------------------------
                         required time                         14.643    
                         arrival time                          -9.266    
  -------------------------------------------------------------------
                         slack                                  5.377    

Slack (MET) :             5.377ns  (required time - arrival time)
  Source:                 clk_1hz_counter_reg[24]/C
                            (rising edge-triggered cell FDRE clocked by sys_clk_pin  {rise@0.000ns fall@5.000ns period=10.000ns})
  Destination:            clk_1hz_counter_reg[7]/R
                            (rising edge-triggered cell FDRE clocked by sys_clk_pin  {rise@0.000ns fall@5.000ns period=10.000ns})
  Path Group:             sys_clk_pin
  Path Type:              Setup (Max at Slow Process Corner)
  Requirement:            10.000ns  (sys_clk_pin rise@10.000ns - sys_clk_pin rise@0.000ns)
  Data Path Delay:        4.128ns  (logic 0.828ns (20.059%)  route 3.300ns (79.941%))
  Logic Levels:           3  (LUT2=1 LUT5=1 LUT6=1)
  Clock Path Skew:        -0.031ns (DCD - SCD + CPR)
    Destination Clock Delay (DCD):    4.847ns = ( 14.847 - 10.000 ) 
    Source Clock Delay      (SCD):    5.138ns
    Clock Pessimism Removal (CPR):    0.260ns
  Clock Uncertainty:      0.035ns  ((TSJ^2 + TIJ^2)^1/2 + DJ) / 2 + PE
    Total System Jitter     (TSJ):    0.071ns
    Total Input Jitter      (TIJ):    0.000ns
    Discrete Jitter          (DJ):    0.000ns
    Phase Error              (PE):    0.000ns

    Location             Delay type                Incr(ns)  Path(ns)    Netlist Resource(s)
  -------------------------------------------------------------------    -------------------
                         (clock sys_clk_pin rise edge)
                                                      0.000     0.000 r  
    W5                                                0.000     0.000 r  CLK (IN)
                         net (fo=0)                   0.000     0.000    CLK
    W5                   IBUF (Prop_ibuf_I_O)         1.458     1.458 r  CLK_IBUF_inst/O
                         net (fo=1, routed)           1.967     3.425    CLK_IBUF
    BUFGCTRL_X0Y0        BUFG (Prop_bufg_I_O)         0.096     3.521 r  CLK_IBUF_BUFG_inst/O
                         net (fo=44, routed)          1.617     5.138    CLK_IBUF_BUFG
    SLICE_X58Y25         FDRE                                         r  clk_1hz_counter_reg[24]/C
  -------------------------------------------------------------------    -------------------
    SLICE_X58Y25         FDRE (Prop_fdre_C_Q)         0.456     5.594 f  clk_1hz_counter_reg[24]/Q
                         net (fo=2, routed)           1.591     7.186    clk_1hz_counter_reg_n_0_[24]
    SLICE_X59Y21         LUT5 (Prop_lut5_I1_O)        0.124     7.310 f  clk_1hz_counter[0]_i_8/O
                         net (fo=1, routed)           0.640     7.949    clk_1hz_counter[0]_i_8_n_0
    SLICE_X59Y23         LUT6 (Prop_lut6_I5_O)        0.124     8.073 f  clk_1hz_counter[0]_i_2/O
                         net (fo=3, routed)           0.165     8.238    clk_1hz_counter[0]_i_2_n_0
    SLICE_X59Y23         LUT2 (Prop_lut2_I1_O)        0.124     8.362 r  clk_1hz_counter[25]_i_1/O
                         net (fo=25, routed)          0.904     9.266    clk_1hz
    SLICE_X58Y21         FDRE                                         r  clk_1hz_counter_reg[7]/R
  -------------------------------------------------------------------    -------------------

                         (clock sys_clk_pin rise edge)
                                                     10.000    10.000 r  
    W5                                                0.000    10.000 r  CLK (IN)
                         net (fo=0)                   0.000    10.000    CLK
    W5                   IBUF (Prop_ibuf_I_O)         1.388    11.388 r  CLK_IBUF_inst/O
                         net (fo=1, routed)           1.862    13.250    CLK_IBUF
    BUFGCTRL_X0Y0        BUFG (Prop_bufg_I_O)         0.091    13.341 r  CLK_IBUF_BUFG_inst/O
                         net (fo=44, routed)          1.506    14.847    CLK_IBUF_BUFG
    SLICE_X58Y21         FDRE                                         r  clk_1hz_counter_reg[7]/C
                         clock pessimism              0.260    15.107    
                         clock uncertainty           -0.035    15.072    
    SLICE_X58Y21         FDRE (Setup_fdre_C_R)       -0.429    14.643    clk_1hz_counter_reg[7]
  -------------------------------------------------------------------
                         required time                         14.643    
                         arrival time                          -9.266    
  -------------------------------------------------------------------
                         slack                                  5.377    

Slack (MET) :             5.377ns  (required time - arrival time)
  Source:                 clk_1hz_counter_reg[24]/C
                            (rising edge-triggered cell FDRE clocked by sys_clk_pin  {rise@0.000ns fall@5.000ns period=10.000ns})
  Destination:            clk_1hz_counter_reg[8]/R
                            (rising edge-triggered cell FDRE clocked by sys_clk_pin  {rise@0.000ns fall@5.000ns period=10.000ns})
  Path Group:             sys_clk_pin
  Path Type:              Setup (Max at Slow Process Corner)
  Requirement:            10.000ns  (sys_clk_pin rise@10.000ns - sys_clk_pin rise@0.000ns)
  Data Path Delay:        4.128ns  (logic 0.828ns (20.059%)  route 3.300ns (79.941%))
  Logic Levels:           3  (LUT2=1 LUT5=1 LUT6=1)
  Clock Path Skew:        -0.031ns (DCD - SCD + CPR)
    Destination Clock Delay (DCD):    4.847ns = ( 14.847 - 10.000 ) 
    Source Clock Delay      (SCD):    5.138ns
    Clock Pessimism Removal (CPR):    0.260ns
  Clock Uncertainty:      0.035ns  ((TSJ^2 + TIJ^2)^1/2 + DJ) / 2 + PE
    Total System Jitter     (TSJ):    0.071ns
    Total Input Jitter      (TIJ):    0.000ns
    Discrete Jitter          (DJ):    0.000ns
    Phase Error              (PE):    0.000ns

    Location             Delay type                Incr(ns)  Path(ns)    Netlist Resource(s)
  -------------------------------------------------------------------    -------------------
                         (clock sys_clk_pin rise edge)
                                                      0.000     0.000 r  
    W5                                                0.000     0.000 r  CLK (IN)
                         net (fo=0)                   0.000     0.000    CLK
    W5                   IBUF (Prop_ibuf_I_O)         1.458     1.458 r  CLK_IBUF_inst/O
                         net (fo=1, routed)           1.967     3.425    CLK_IBUF
    BUFGCTRL_X0Y0        BUFG (Prop_bufg_I_O)         0.096     3.521 r  CLK_IBUF_BUFG_inst/O
                         net (fo=44, routed)          1.617     5.138    CLK_IBUF_BUFG
    SLICE_X58Y25         FDRE                                         r  clk_1hz_counter_reg[24]/C
  -------------------------------------------------------------------    -------------------
    SLICE_X58Y25         FDRE (Prop_fdre_C_Q)         0.456     5.594 f  clk_1hz_counter_reg[24]/Q
                         net (fo=2, routed)           1.591     7.186    clk_1hz_counter_reg_n_0_[24]
    SLICE_X59Y21         LUT5 (Prop_lut5_I1_O)        0.124     7.310 f  clk_1hz_counter[0]_i_8/O
                         net (fo=1, routed)           0.640     7.949    clk_1hz_counter[0]_i_8_n_0
    SLICE_X59Y23         LUT6 (Prop_lut6_I5_O)        0.124     8.073 f  clk_1hz_counter[0]_i_2/O
                         net (fo=3, routed)           0.165     8.238    clk_1hz_counter[0]_i_2_n_0
    SLICE_X59Y23         LUT2 (Prop_lut2_I1_O)        0.124     8.362 r  clk_1hz_counter[25]_i_1/O
                         net (fo=25, routed)          0.904     9.266    clk_1hz
    SLICE_X58Y21         FDRE                                         r  clk_1hz_counter_reg[8]/R
  -------------------------------------------------------------------    -------------------

                         (clock sys_clk_pin rise edge)
                                                     10.000    10.000 r  
    W5                                                0.000    10.000 r  CLK (IN)
                         net (fo=0)                   0.000    10.000    CLK
    W5                   IBUF (Prop_ibuf_I_O)         1.388    11.388 r  CLK_IBUF_inst/O
                         net (fo=1, routed)           1.862    13.250    CLK_IBUF
    BUFGCTRL_X0Y0        BUFG (Prop_bufg_I_O)         0.091    13.341 r  CLK_IBUF_BUFG_inst/O
                         net (fo=44, routed)          1.506    14.847    CLK_IBUF_BUFG
    SLICE_X58Y21         FDRE                                         r  clk_1hz_counter_reg[8]/C
                         clock pessimism              0.260    15.107    
                         clock uncertainty           -0.035    15.072    
    SLICE_X58Y21         FDRE (Setup_fdre_C_R)       -0.429    14.643    clk_1hz_counter_reg[8]
  -------------------------------------------------------------------
                         required time                         14.643    
                         arrival time                          -9.266    
  -------------------------------------------------------------------
                         slack                                  5.377    

Slack (MET) :             5.543ns  (required time - arrival time)
  Source:                 clk_1hz_counter_reg[24]/C
                            (rising edge-triggered cell FDRE clocked by sys_clk_pin  {rise@0.000ns fall@5.000ns period=10.000ns})
  Destination:            clk_1hz_counter_reg[17]/R
                            (rising edge-triggered cell FDRE clocked by sys_clk_pin  {rise@0.000ns fall@5.000ns period=10.000ns})
  Path Group:             sys_clk_pin
  Path Type:              Setup (Max at Slow Process Corner)
  Requirement:            10.000ns  (sys_clk_pin rise@10.000ns - sys_clk_pin rise@0.000ns)
  Data Path Delay:        3.956ns  (logic 0.828ns (20.928%)  route 3.128ns (79.072%))
  Logic Levels:           3  (LUT2=1 LUT5=1 LUT6=1)
  Clock Path Skew:        -0.036ns (DCD - SCD + CPR)
    Destination Clock Delay (DCD):    4.842ns = ( 14.842 - 10.000 ) 
    Source Clock Delay      (SCD):    5.138ns
    Clock Pessimism Removal (CPR):    0.260ns
  Clock Uncertainty:      0.035ns  ((TSJ^2 + TIJ^2)^1/2 + DJ) / 2 + PE
    Total System Jitter     (TSJ):    0.071ns
    Total Input Jitter      (TIJ):    0.000ns
    Discrete Jitter          (DJ):    0.000ns
    Phase Error              (PE):    0.000ns

    Location             Delay type                Incr(ns)  Path(ns)    Netlist Resource(s)
  -------------------------------------------------------------------    -------------------
                         (clock sys_clk_pin rise edge)
                                                      0.000     0.000 r  
    W5                                                0.000     0.000 r  CLK (IN)
                         net (fo=0)                   0.000     0.000    CLK
    W5                   IBUF (Prop_ibuf_I_O)         1.458     1.458 r  CLK_IBUF_inst/O
                         net (fo=1, routed)           1.967     3.425    CLK_IBUF
    BUFGCTRL_X0Y0        BUFG (Prop_bufg_I_O)         0.096     3.521 r  CLK_IBUF_BUFG_inst/O
                         net (fo=44, routed)          1.617     5.138    CLK_IBUF_BUFG
    SLICE_X58Y25         FDRE                                         r  clk_1hz_counter_reg[24]/C
  -------------------------------------------------------------------    -------------------
    SLICE_X58Y25         FDRE (Prop_fdre_C_Q)         0.456     5.594 f  clk_1hz_counter_reg[24]/Q
                         net (fo=2, routed)           1.591     7.186    clk_1hz_counter_reg_n_0_[24]
    SLICE_X59Y21         LUT5 (Prop_lut5_I1_O)        0.124     7.310 f  clk_1hz_counter[0]_i_8/O
                         net (fo=1, routed)           0.640     7.949    clk_1hz_counter[0]_i_8_n_0
    SLICE_X59Y23         LUT6 (Prop_lut6_I5_O)        0.124     8.073 f  clk_1hz_counter[0]_i_2/O
                         net (fo=3, routed)           0.165     8.238    clk_1hz_counter[0]_i_2_n_0
    SLICE_X59Y23         LUT2 (Prop_lut2_I1_O)        0.124     8.362 r  clk_1hz_counter[25]_i_1/O
                         net (fo=25, routed)          0.733     9.095    clk_1hz
    SLICE_X58Y24         FDRE                                         r  clk_1hz_counter_reg[17]/R
  -------------------------------------------------------------------    -------------------

                         (clock sys_clk_pin rise edge)
                                                     10.000    10.000 r  
    W5                                                0.000    10.000 r  CLK (IN)
                         net (fo=0)                   0.000    10.000    CLK
    W5                   IBUF (Prop_ibuf_I_O)         1.388    11.388 r  CLK_IBUF_inst/O
                         net (fo=1, routed)           1.862    13.250    CLK_IBUF
    BUFGCTRL_X0Y0        BUFG (Prop_bufg_I_O)         0.091    13.341 r  CLK_IBUF_BUFG_inst/O
                         net (fo=44, routed)          1.501    14.842    CLK_IBUF_BUFG
    SLICE_X58Y24         FDRE                                         r  clk_1hz_counter_reg[17]/C
                         clock pessimism              0.260    15.102    
                         clock uncertainty           -0.035    15.067    
    SLICE_X58Y24         FDRE (Setup_fdre_C_R)       -0.429    14.638    clk_1hz_counter_reg[17]
  -------------------------------------------------------------------
                         required time                         14.638    
                         arrival time                          -9.095    
  -------------------------------------------------------------------
                         slack                                  5.543    

Slack (MET) :             5.543ns  (required time - arrival time)
  Source:                 clk_1hz_counter_reg[24]/C
                            (rising edge-triggered cell FDRE clocked by sys_clk_pin  {rise@0.000ns fall@5.000ns period=10.000ns})
  Destination:            clk_1hz_counter_reg[18]/R
                            (rising edge-triggered cell FDRE clocked by sys_clk_pin  {rise@0.000ns fall@5.000ns period=10.000ns})
  Path Group:             sys_clk_pin
  Path Type:              Setup (Max at Slow Process Corner)
  Requirement:            10.000ns  (sys_clk_pin rise@10.000ns - sys_clk_pin rise@0.000ns)
  Data Path Delay:        3.956ns  (logic 0.828ns (20.928%)  route 3.128ns (79.072%))
  Logic Levels:           3  (LUT2=1 LUT5=1 LUT6=1)
  Clock Path Skew:        -0.036ns (DCD - SCD + CPR)
    Destination Clock Delay (DCD):    4.842ns = ( 14.842 - 10.000 ) 
    Source Clock Delay      (SCD):    5.138ns
    Clock Pessimism Removal (CPR):    0.260ns
  Clock Uncertainty:      0.035ns  ((TSJ^2 + TIJ^2)^1/2 + DJ) / 2 + PE
    Total System Jitter     (TSJ):    0.071ns
    Total Input Jitter      (TIJ):    0.000ns
    Discrete Jitter          (DJ):    0.000ns
    Phase Error              (PE):    0.000ns

    Location             Delay type                Incr(ns)  Path(ns)    Netlist Resource(s)
  -------------------------------------------------------------------    -------------------
                         (clock sys_clk_pin rise edge)
                                                      0.000     0.000 r  
    W5                                                0.000     0.000 r  CLK (IN)
                         net (fo=0)                   0.000     0.000    CLK
    W5                   IBUF (Prop_ibuf_I_O)         1.458     1.458 r  CLK_IBUF_inst/O
                         net (fo=1, routed)           1.967     3.425    CLK_IBUF
    BUFGCTRL_X0Y0        BUFG (Prop_bufg_I_O)         0.096     3.521 r  CLK_IBUF_BUFG_inst/O
                         net (fo=44, routed)          1.617     5.138    CLK_IBUF_BUFG
    SLICE_X58Y25         FDRE                                         r  clk_1hz_counter_reg[24]/C
  -------------------------------------------------------------------    -------------------
    SLICE_X58Y25         FDRE (Prop_fdre_C_Q)         0.456     5.594 f  clk_1hz_counter_reg[24]/Q
                         net (fo=2, routed)           1.591     7.186    clk_1hz_counter_reg_n_0_[24]
    SLICE_X59Y21         LUT5 (Prop_lut5_I1_O)        0.124     7.310 f  clk_1hz_counter[0]_i_8/O
                         net (fo=1, routed)           0.640     7.949    clk_1hz_counter[0]_i_8_n_0
    SLICE_X59Y23         LUT6 (Prop_lut6_I5_O)        0.124     8.073 f  clk_1hz_counter[0]_i_2/O
                         net (fo=3, routed)           0.165     8.238    clk_1hz_counter[0]_i_2_n_0
    SLICE_X59Y23         LUT2 (Prop_lut2_I1_O)        0.124     8.362 r  clk_1hz_counter[25]_i_1/O
                         net (fo=25, routed)          0.733     9.095    clk_1hz
    SLICE_X58Y24         FDRE                                         r  clk_1hz_counter_reg[18]/R
  -------------------------------------------------------------------    -------------------

                         (clock sys_clk_pin rise edge)
                                                     10.000    10.000 r  
    W5                                                0.000    10.000 r  CLK (IN)
                         net (fo=0)                   0.000    10.000    CLK
    W5                   IBUF (Prop_ibuf_I_O)         1.388    11.388 r  CLK_IBUF_inst/O
                         net (fo=1, routed)           1.862    13.250    CLK_IBUF
    BUFGCTRL_X0Y0        BUFG (Prop_bufg_I_O)         0.091    13.341 r  CLK_IBUF_BUFG_inst/O
                         net (fo=44, routed)          1.501    14.842    CLK_IBUF_BUFG
    SLICE_X58Y24         FDRE                                         r  clk_1hz_counter_reg[18]/C
                         clock pessimism              0.260    15.102    
                         clock uncertainty           -0.035    15.067    
    SLICE_X58Y24         FDRE (Setup_fdre_C_R)       -0.429    14.638    clk_1hz_counter_reg[18]
  -------------------------------------------------------------------
                         required time                         14.638    
                         arrival time                          -9.095    
  -------------------------------------------------------------------
                         slack                                  5.543    





Min Delay Paths
--------------------------------------------------------------------------------------
Slack (MET) :             0.263ns  (arrival time - required time)
  Source:                 clk_10khz_counter_reg[12]/C
                            (rising edge-triggered cell FDRE clocked by sys_clk_pin  {rise@0.000ns fall@5.000ns period=10.000ns})
  Destination:            clk_10khz_counter_reg[12]/D
                            (rising edge-triggered cell FDRE clocked by sys_clk_pin  {rise@0.000ns fall@5.000ns period=10.000ns})
  Path Group:             sys_clk_pin
  Path Type:              Hold (Min at Fast Process Corner)
  Requirement:            0.000ns  (sys_clk_pin rise@0.000ns - sys_clk_pin rise@0.000ns)
  Data Path Delay:        0.368ns  (logic 0.249ns (67.612%)  route 0.119ns (32.388%))
  Logic Levels:           1  (CARRY4=1)
  Clock Path Skew:        0.000ns (DCD - SCD - CPR)
    Destination Clock Delay (DCD):    1.977ns
    Source Clock Delay      (SCD):    1.465ns
    Clock Pessimism Removal (CPR):    0.512ns

    Location             Delay type                Incr(ns)  Path(ns)    Netlist Resource(s)
  -------------------------------------------------------------------    -------------------
                         (clock sys_clk_pin rise edge)
                                                      0.000     0.000 r  
    W5                                                0.000     0.000 r  CLK (IN)
                         net (fo=0)                   0.000     0.000    CLK
    W5                   IBUF (Prop_ibuf_I_O)         0.226     0.226 r  CLK_IBUF_inst/O
                         net (fo=1, routed)           0.631     0.858    CLK_IBUF
    BUFGCTRL_X0Y0        BUFG (Prop_bufg_I_O)         0.026     0.884 r  CLK_IBUF_BUFG_inst/O
                         net (fo=44, routed)          0.582     1.465    CLK_IBUF_BUFG
    SLICE_X63Y24         FDRE                                         r  clk_10khz_counter_reg[12]/C
  -------------------------------------------------------------------    -------------------
    SLICE_X63Y24         FDRE (Prop_fdre_C_Q)         0.141     1.606 r  clk_10khz_counter_reg[12]/Q
                         net (fo=2, routed)           0.119     1.725    clk_10khz_counter_reg_n_0_[12]
    SLICE_X63Y24         CARRY4 (Prop_carry4_S[3]_O[3])
                                                      0.108     1.833 r  clk_10khz_counter_reg[12]_i_1/O[3]
                         net (fo=1, routed)           0.000     1.833    data0[12]
    SLICE_X63Y24         FDRE                                         r  clk_10khz_counter_reg[12]/D
  -------------------------------------------------------------------    -------------------

                         (clock sys_clk_pin rise edge)
                                                      0.000     0.000 r  
    W5                                                0.000     0.000 r  CLK (IN)
                         net (fo=0)                   0.000     0.000    CLK
    W5                   IBUF (Prop_ibuf_I_O)         0.414     0.414 r  CLK_IBUF_inst/O
                         net (fo=1, routed)           0.685     1.099    CLK_IBUF
    BUFGCTRL_X0Y0        BUFG (Prop_bufg_I_O)         0.029     1.128 r  CLK_IBUF_BUFG_inst/O
                         net (fo=44, routed)          0.850     1.977    CLK_IBUF_BUFG
    SLICE_X63Y24         FDRE                                         r  clk_10khz_counter_reg[12]/C
                         clock pessimism             -0.512     1.465    
    SLICE_X63Y24         FDRE (Hold_fdre_C_D)         0.105     1.570    clk_10khz_counter_reg[12]
  -------------------------------------------------------------------
                         required time                         -1.570    
                         arrival time                           1.833    
  -------------------------------------------------------------------
                         slack                                  0.263    

Slack (MET) :             0.263ns  (arrival time - required time)
  Source:                 clk_10khz_counter_reg[4]/C
                            (rising edge-triggered cell FDRE clocked by sys_clk_pin  {rise@0.000ns fall@5.000ns period=10.000ns})
  Destination:            clk_10khz_counter_reg[4]/D
                            (rising edge-triggered cell FDRE clocked by sys_clk_pin  {rise@0.000ns fall@5.000ns period=10.000ns})
  Path Group:             sys_clk_pin
  Path Type:              Hold (Min at Fast Process Corner)
  Requirement:            0.000ns  (sys_clk_pin rise@0.000ns - sys_clk_pin rise@0.000ns)
  Data Path Delay:        0.368ns  (logic 0.249ns (67.612%)  route 0.119ns (32.388%))
  Logic Levels:           1  (CARRY4=1)
  Clock Path Skew:        0.000ns (DCD - SCD - CPR)
    Destination Clock Delay (DCD):    1.980ns
    Source Clock Delay      (SCD):    1.468ns
    Clock Pessimism Removal (CPR):    0.512ns

    Location             Delay type                Incr(ns)  Path(ns)    Netlist Resource(s)
  -------------------------------------------------------------------    -------------------
                         (clock sys_clk_pin rise edge)
                                                      0.000     0.000 r  
    W5                                                0.000     0.000 r  CLK (IN)
                         net (fo=0)                   0.000     0.000    CLK
    W5                   IBUF (Prop_ibuf_I_O)         0.226     0.226 r  CLK_IBUF_inst/O
                         net (fo=1, routed)           0.631     0.858    CLK_IBUF
    BUFGCTRL_X0Y0        BUFG (Prop_bufg_I_O)         0.026     0.884 r  CLK_IBUF_BUFG_inst/O
                         net (fo=44, routed)          0.585     1.468    CLK_IBUF_BUFG
    SLICE_X63Y22         FDRE                                         r  clk_10khz_counter_reg[4]/C
  -------------------------------------------------------------------    -------------------
    SLICE_X63Y22         FDRE (Prop_fdre_C_Q)         0.141     1.609 r  clk_10khz_counter_reg[4]/Q
                         net (fo=2, routed)           0.119     1.728    clk_10khz_counter_reg_n_0_[4]
    SLICE_X63Y22         CARRY4 (Prop_carry4_S[3]_O[3])
                                                      0.108     1.836 r  clk_10khz_counter_reg[4]_i_1/O[3]
                         net (fo=1, routed)           0.000     1.836    data0[4]
    SLICE_X63Y22         FDRE                                         r  clk_10khz_counter_reg[4]/D
  -------------------------------------------------------------------    -------------------

                         (clock sys_clk_pin rise edge)
                                                      0.000     0.000 r  
    W5                                                0.000     0.000 r  CLK (IN)
                         net (fo=0)                   0.000     0.000    CLK
    W5                   IBUF (Prop_ibuf_I_O)         0.414     0.414 r  CLK_IBUF_inst/O
                         net (fo=1, routed)           0.685     1.099    CLK_IBUF
    BUFGCTRL_X0Y0        BUFG (Prop_bufg_I_O)         0.029     1.128 r  CLK_IBUF_BUFG_inst/O
                         net (fo=44, routed)          0.853     1.980    CLK_IBUF_BUFG
    SLICE_X63Y22         FDRE                                         r  clk_10khz_counter_reg[4]/C
                         clock pessimism             -0.512     1.468    
    SLICE_X63Y22         FDRE (Hold_fdre_C_D)         0.105     1.573    clk_10khz_counter_reg[4]
  -------------------------------------------------------------------
                         required time                         -1.573    
                         arrival time                           1.836    
  -------------------------------------------------------------------
                         slack                                  0.263    

Slack (MET) :             0.263ns  (arrival time - required time)
  Source:                 clk_10khz_counter_reg[8]/C
                            (rising edge-triggered cell FDRE clocked by sys_clk_pin  {rise@0.000ns fall@5.000ns period=10.000ns})
  Destination:            clk_10khz_counter_reg[8]/D
                            (rising edge-triggered cell FDRE clocked by sys_clk_pin  {rise@0.000ns fall@5.000ns period=10.000ns})
  Path Group:             sys_clk_pin
  Path Type:              Hold (Min at Fast Process Corner)
  Requirement:            0.000ns  (sys_clk_pin rise@0.000ns - sys_clk_pin rise@0.000ns)
  Data Path Delay:        0.368ns  (logic 0.249ns (67.612%)  route 0.119ns (32.388%))
  Logic Levels:           1  (CARRY4=1)
  Clock Path Skew:        0.000ns (DCD - SCD - CPR)
    Destination Clock Delay (DCD):    1.978ns
    Source Clock Delay      (SCD):    1.466ns
    Clock Pessimism Removal (CPR):    0.512ns

    Location             Delay type                Incr(ns)  Path(ns)    Netlist Resource(s)
  -------------------------------------------------------------------    -------------------
                         (clock sys_clk_pin rise edge)
                                                      0.000     0.000 r  
    W5                                                0.000     0.000 r  CLK (IN)
                         net (fo=0)                   0.000     0.000    CLK
    W5                   IBUF (Prop_ibuf_I_O)         0.226     0.226 r  CLK_IBUF_inst/O
                         net (fo=1, routed)           0.631     0.858    CLK_IBUF
    BUFGCTRL_X0Y0        BUFG (Prop_bufg_I_O)         0.026     0.884 r  CLK_IBUF_BUFG_inst/O
                         net (fo=44, routed)          0.583     1.466    CLK_IBUF_BUFG
    SLICE_X63Y23         FDRE                                         r  clk_10khz_counter_reg[8]/C
  -------------------------------------------------------------------    -------------------
    SLICE_X63Y23         FDRE (Prop_fdre_C_Q)         0.141     1.607 r  clk_10khz_counter_reg[8]/Q
                         net (fo=2, routed)           0.119     1.726    clk_10khz_counter_reg_n_0_[8]
    SLICE_X63Y23         CARRY4 (Prop_carry4_S[3]_O[3])
                                                      0.108     1.834 r  clk_10khz_counter_reg[8]_i_1/O[3]
                         net (fo=1, routed)           0.000     1.834    data0[8]
    SLICE_X63Y23         FDRE                                         r  clk_10khz_counter_reg[8]/D
  -------------------------------------------------------------------    -------------------

                         (clock sys_clk_pin rise edge)
                                                      0.000     0.000 r  
    W5                                                0.000     0.000 r  CLK (IN)
                         net (fo=0)                   0.000     0.000    CLK
    W5                   IBUF (Prop_ibuf_I_O)         0.414     0.414 r  CLK_IBUF_inst/O
                         net (fo=1, routed)           0.685     1.099    CLK_IBUF
    BUFGCTRL_X0Y0        BUFG (Prop_bufg_I_O)         0.029     1.128 r  CLK_IBUF_BUFG_inst/O
                         net (fo=44, routed)          0.851     1.978    CLK_IBUF_BUFG
    SLICE_X63Y23         FDRE                                         r  clk_10khz_counter_reg[8]/C
                         clock pessimism             -0.512     1.466    
    SLICE_X63Y23         FDRE (Hold_fdre_C_D)         0.105     1.571    clk_10khz_counter_reg[8]
  -------------------------------------------------------------------
                         required time                         -1.571    
                         arrival time                           1.834    
  -------------------------------------------------------------------
                         slack                                  0.263    

Slack (MET) :             0.267ns  (arrival time - required time)
  Source:                 clk_10khz_counter_reg[11]/C
                            (rising edge-triggered cell FDRE clocked by sys_clk_pin  {rise@0.000ns fall@5.000ns period=10.000ns})
  Destination:            clk_10khz_counter_reg[11]/D
                            (rising edge-triggered cell FDRE clocked by sys_clk_pin  {rise@0.000ns fall@5.000ns period=10.000ns})
  Path Group:             sys_clk_pin
  Path Type:              Hold (Min at Fast Process Corner)
  Requirement:            0.000ns  (sys_clk_pin rise@0.000ns - sys_clk_pin rise@0.000ns)
  Data Path Delay:        0.372ns  (logic 0.252ns (67.654%)  route 0.120ns (32.346%))
  Logic Levels:           1  (CARRY4=1)
  Clock Path Skew:        0.000ns (DCD - SCD - CPR)
    Destination Clock Delay (DCD):    1.977ns
    Source Clock Delay      (SCD):    1.465ns
    Clock Pessimism Removal (CPR):    0.512ns

    Location             Delay type                Incr(ns)  Path(ns)    Netlist Resource(s)
  -------------------------------------------------------------------    -------------------
                         (clock sys_clk_pin rise edge)
                                                      0.000     0.000 r  
    W5                                                0.000     0.000 r  CLK (IN)
                         net (fo=0)                   0.000     0.000    CLK
    W5                   IBUF (Prop_ibuf_I_O)         0.226     0.226 r  CLK_IBUF_inst/O
                         net (fo=1, routed)           0.631     0.858    CLK_IBUF
    BUFGCTRL_X0Y0        BUFG (Prop_bufg_I_O)         0.026     0.884 r  CLK_IBUF_BUFG_inst/O
                         net (fo=44, routed)          0.582     1.465    CLK_IBUF_BUFG
    SLICE_X63Y24         FDRE                                         r  clk_10khz_counter_reg[11]/C
  -------------------------------------------------------------------    -------------------
    SLICE_X63Y24         FDRE (Prop_fdre_C_Q)         0.141     1.606 r  clk_10khz_counter_reg[11]/Q
                         net (fo=2, routed)           0.120     1.727    clk_10khz_counter_reg_n_0_[11]
    SLICE_X63Y24         CARRY4 (Prop_carry4_S[2]_O[2])
                                                      0.111     1.838 r  clk_10khz_counter_reg[12]_i_1/O[2]
                         net (fo=1, routed)           0.000     1.838    data0[11]
    SLICE_X63Y24         FDRE                                         r  clk_10khz_counter_reg[11]/D
  -------------------------------------------------------------------    -------------------

                         (clock sys_clk_pin rise edge)
                                                      0.000     0.000 r  
    W5                                                0.000     0.000 r  CLK (IN)
                         net (fo=0)                   0.000     0.000    CLK
    W5                   IBUF (Prop_ibuf_I_O)         0.414     0.414 r  CLK_IBUF_inst/O
                         net (fo=1, routed)           0.685     1.099    CLK_IBUF
    BUFGCTRL_X0Y0        BUFG (Prop_bufg_I_O)         0.029     1.128 r  CLK_IBUF_BUFG_inst/O
                         net (fo=44, routed)          0.850     1.977    CLK_IBUF_BUFG
    SLICE_X63Y24         FDRE                                         r  clk_10khz_counter_reg[11]/C
                         clock pessimism             -0.512     1.465    
    SLICE_X63Y24         FDRE (Hold_fdre_C_D)         0.105     1.570    clk_10khz_counter_reg[11]
  -------------------------------------------------------------------
                         required time                         -1.570    
                         arrival time                           1.838    
  -------------------------------------------------------------------
                         slack                                  0.267    

Slack (MET) :             0.267ns  (arrival time - required time)
  Source:                 clk_10khz_counter_reg[3]/C
                            (rising edge-triggered cell FDRE clocked by sys_clk_pin  {rise@0.000ns fall@5.000ns period=10.000ns})
  Destination:            clk_10khz_counter_reg[3]/D
                            (rising edge-triggered cell FDRE clocked by sys_clk_pin  {rise@0.000ns fall@5.000ns period=10.000ns})
  Path Group:             sys_clk_pin
  Path Type:              Hold (Min at Fast Process Corner)
  Requirement:            0.000ns  (sys_clk_pin rise@0.000ns - sys_clk_pin rise@0.000ns)
  Data Path Delay:        0.372ns  (logic 0.252ns (67.654%)  route 0.120ns (32.346%))
  Logic Levels:           1  (CARRY4=1)
  Clock Path Skew:        0.000ns (DCD - SCD - CPR)
    Destination Clock Delay (DCD):    1.980ns
    Source Clock Delay      (SCD):    1.468ns
    Clock Pessimism Removal (CPR):    0.512ns

    Location             Delay type                Incr(ns)  Path(ns)    Netlist Resource(s)
  -------------------------------------------------------------------    -------------------
                         (clock sys_clk_pin rise edge)
                                                      0.000     0.000 r  
    W5                                                0.000     0.000 r  CLK (IN)
                         net (fo=0)                   0.000     0.000    CLK
    W5                   IBUF (Prop_ibuf_I_O)         0.226     0.226 r  CLK_IBUF_inst/O
                         net (fo=1, routed)           0.631     0.858    CLK_IBUF
    BUFGCTRL_X0Y0        BUFG (Prop_bufg_I_O)         0.026     0.884 r  CLK_IBUF_BUFG_inst/O
                         net (fo=44, routed)          0.585     1.468    CLK_IBUF_BUFG
    SLICE_X63Y22         FDRE                                         r  clk_10khz_counter_reg[3]/C
  -------------------------------------------------------------------    -------------------
    SLICE_X63Y22         FDRE (Prop_fdre_C_Q)         0.141     1.609 r  clk_10khz_counter_reg[3]/Q
                         net (fo=2, routed)           0.120     1.730    clk_10khz_counter_reg_n_0_[3]
    SLICE_X63Y22         CARRY4 (Prop_carry4_S[2]_O[2])
                                                      0.111     1.841 r  clk_10khz_counter_reg[4]_i_1/O[2]
                         net (fo=1, routed)           0.000     1.841    data0[3]
    SLICE_X63Y22         FDRE                                         r  clk_10khz_counter_reg[3]/D
  -------------------------------------------------------------------    -------------------

                         (clock sys_clk_pin rise edge)
                                                      0.000     0.000 r  
    W5                                                0.000     0.000 r  CLK (IN)
                         net (fo=0)                   0.000     0.000    CLK
    W5                   IBUF (Prop_ibuf_I_O)         0.414     0.414 r  CLK_IBUF_inst/O
                         net (fo=1, routed)           0.685     1.099    CLK_IBUF
    BUFGCTRL_X0Y0        BUFG (Prop_bufg_I_O)         0.029     1.128 r  CLK_IBUF_BUFG_inst/O
                         net (fo=44, routed)          0.853     1.980    CLK_IBUF_BUFG
    SLICE_X63Y22         FDRE                                         r  clk_10khz_counter_reg[3]/C
                         clock pessimism             -0.512     1.468    
    SLICE_X63Y22         FDRE (Hold_fdre_C_D)         0.105     1.573    clk_10khz_counter_reg[3]
  -------------------------------------------------------------------
                         required time                         -1.573    
                         arrival time                           1.841    
  -------------------------------------------------------------------
                         slack                                  0.267    

Slack (MET) :             0.268ns  (arrival time - required time)
  Source:                 clk_10khz_counter_reg[13]/C
                            (rising edge-triggered cell FDRE clocked by sys_clk_pin  {rise@0.000ns fall@5.000ns period=10.000ns})
  Destination:            clk_10khz_counter_reg[13]/D
                            (rising edge-triggered cell FDRE clocked by sys_clk_pin  {rise@0.000ns fall@5.000ns period=10.000ns})
  Path Group:             sys_clk_pin
  Path Type:              Hold (Min at Fast Process Corner)
  Requirement:            0.000ns  (sys_clk_pin rise@0.000ns - sys_clk_pin rise@0.000ns)
  Data Path Delay:        0.373ns  (logic 0.256ns (68.576%)  route 0.117ns (31.424%))
  Logic Levels:           1  (CARRY4=1)
  Clock Path Skew:        0.000ns (DCD - SCD - CPR)
    Destination Clock Delay (DCD):    1.977ns
    Source Clock Delay      (SCD):    1.465ns
    Clock Pessimism Removal (CPR):    0.512ns

    Location             Delay type                Incr(ns)  Path(ns)    Netlist Resource(s)
  -------------------------------------------------------------------    -------------------
                         (clock sys_clk_pin rise edge)
                                                      0.000     0.000 r  
    W5                                                0.000     0.000 r  CLK (IN)
                         net (fo=0)                   0.000     0.000    CLK
    W5                   IBUF (Prop_ibuf_I_O)         0.226     0.226 r  CLK_IBUF_inst/O
                         net (fo=1, routed)           0.631     0.858    CLK_IBUF
    BUFGCTRL_X0Y0        BUFG (Prop_bufg_I_O)         0.026     0.884 r  CLK_IBUF_BUFG_inst/O
                         net (fo=44, routed)          0.582     1.465    CLK_IBUF_BUFG
    SLICE_X63Y25         FDRE                                         r  clk_10khz_counter_reg[13]/C
  -------------------------------------------------------------------    -------------------
    SLICE_X63Y25         FDRE (Prop_fdre_C_Q)         0.141     1.606 r  clk_10khz_counter_reg[13]/Q
                         net (fo=2, routed)           0.117     1.723    clk_10khz_counter_reg_n_0_[13]
    SLICE_X63Y25         CARRY4 (Prop_carry4_S[0]_O[0])
                                                      0.115     1.838 r  clk_10khz_counter_reg[15]_i_2/O[0]
                         net (fo=1, routed)           0.000     1.838    data0[13]
    SLICE_X63Y25         FDRE                                         r  clk_10khz_counter_reg[13]/D
  -------------------------------------------------------------------    -------------------

                         (clock sys_clk_pin rise edge)
                                                      0.000     0.000 r  
    W5                                                0.000     0.000 r  CLK (IN)
                         net (fo=0)                   0.000     0.000    CLK
    W5                   IBUF (Prop_ibuf_I_O)         0.414     0.414 r  CLK_IBUF_inst/O
                         net (fo=1, routed)           0.685     1.099    CLK_IBUF
    BUFGCTRL_X0Y0        BUFG (Prop_bufg_I_O)         0.029     1.128 r  CLK_IBUF_BUFG_inst/O
                         net (fo=44, routed)          0.850     1.977    CLK_IBUF_BUFG
    SLICE_X63Y25         FDRE                                         r  clk_10khz_counter_reg[13]/C
                         clock pessimism             -0.512     1.465    
    SLICE_X63Y25         FDRE (Hold_fdre_C_D)         0.105     1.570    clk_10khz_counter_reg[13]
  -------------------------------------------------------------------
                         required time                         -1.570    
                         arrival time                           1.838    
  -------------------------------------------------------------------
                         slack                                  0.268    

Slack (MET) :             0.268ns  (arrival time - required time)
  Source:                 clk_10khz_counter_reg[5]/C
                            (rising edge-triggered cell FDRE clocked by sys_clk_pin  {rise@0.000ns fall@5.000ns period=10.000ns})
  Destination:            clk_10khz_counter_reg[5]/D
                            (rising edge-triggered cell FDRE clocked by sys_clk_pin  {rise@0.000ns fall@5.000ns period=10.000ns})
  Path Group:             sys_clk_pin
  Path Type:              Hold (Min at Fast Process Corner)
  Requirement:            0.000ns  (sys_clk_pin rise@0.000ns - sys_clk_pin rise@0.000ns)
  Data Path Delay:        0.373ns  (logic 0.256ns (68.576%)  route 0.117ns (31.424%))
  Logic Levels:           1  (CARRY4=1)
  Clock Path Skew:        0.000ns (DCD - SCD - CPR)
    Destination Clock Delay (DCD):    1.978ns
    Source Clock Delay      (SCD):    1.466ns
    Clock Pessimism Removal (CPR):    0.512ns

    Location             Delay type                Incr(ns)  Path(ns)    Netlist Resource(s)
  -------------------------------------------------------------------    -------------------
                         (clock sys_clk_pin rise edge)
                                                      0.000     0.000 r  
    W5                                                0.000     0.000 r  CLK (IN)
                         net (fo=0)                   0.000     0.000    CLK
    W5                   IBUF (Prop_ibuf_I_O)         0.226     0.226 r  CLK_IBUF_inst/O
                         net (fo=1, routed)           0.631     0.858    CLK_IBUF
    BUFGCTRL_X0Y0        BUFG (Prop_bufg_I_O)         0.026     0.884 r  CLK_IBUF_BUFG_inst/O
                         net (fo=44, routed)          0.583     1.466    CLK_IBUF_BUFG
    SLICE_X63Y23         FDRE                                         r  clk_10khz_counter_reg[5]/C
  -------------------------------------------------------------------    -------------------
    SLICE_X63Y23         FDRE (Prop_fdre_C_Q)         0.141     1.607 r  clk_10khz_counter_reg[5]/Q
                         net (fo=2, routed)           0.117     1.724    clk_10khz_counter_reg_n_0_[5]
    SLICE_X63Y23         CARRY4 (Prop_carry4_S[0]_O[0])
                                                      0.115     1.839 r  clk_10khz_counter_reg[8]_i_1/O[0]
                         net (fo=1, routed)           0.000     1.839    data0[5]
    SLICE_X63Y23         FDRE                                         r  clk_10khz_counter_reg[5]/D
  -------------------------------------------------------------------    -------------------

                         (clock sys_clk_pin rise edge)
                                                      0.000     0.000 r  
    W5                                                0.000     0.000 r  CLK (IN)
                         net (fo=0)                   0.000     0.000    CLK
    W5                   IBUF (Prop_ibuf_I_O)         0.414     0.414 r  CLK_IBUF_inst/O
                         net (fo=1, routed)           0.685     1.099    CLK_IBUF
    BUFGCTRL_X0Y0        BUFG (Prop_bufg_I_O)         0.029     1.128 r  CLK_IBUF_BUFG_inst/O
                         net (fo=44, routed)          0.851     1.978    CLK_IBUF_BUFG
    SLICE_X63Y23         FDRE                                         r  clk_10khz_counter_reg[5]/C
                         clock pessimism             -0.512     1.466    
    SLICE_X63Y23         FDRE (Hold_fdre_C_D)         0.105     1.571    clk_10khz_counter_reg[5]
  -------------------------------------------------------------------
                         required time                         -1.571    
                         arrival time                           1.839    
  -------------------------------------------------------------------
                         slack                                  0.268    

Slack (MET) :             0.268ns  (arrival time - required time)
  Source:                 clk_10khz_counter_reg[9]/C
                            (rising edge-triggered cell FDRE clocked by sys_clk_pin  {rise@0.000ns fall@5.000ns period=10.000ns})
  Destination:            clk_10khz_counter_reg[9]/D
                            (rising edge-triggered cell FDRE clocked by sys_clk_pin  {rise@0.000ns fall@5.000ns period=10.000ns})
  Path Group:             sys_clk_pin
  Path Type:              Hold (Min at Fast Process Corner)
  Requirement:            0.000ns  (sys_clk_pin rise@0.000ns - sys_clk_pin rise@0.000ns)
  Data Path Delay:        0.373ns  (logic 0.256ns (68.576%)  route 0.117ns (31.424%))
  Logic Levels:           1  (CARRY4=1)
  Clock Path Skew:        0.000ns (DCD - SCD - CPR)
    Destination Clock Delay (DCD):    1.977ns
    Source Clock Delay      (SCD):    1.465ns
    Clock Pessimism Removal (CPR):    0.512ns

    Location             Delay type                Incr(ns)  Path(ns)    Netlist Resource(s)
  -------------------------------------------------------------------    -------------------
                         (clock sys_clk_pin rise edge)
                                                      0.000     0.000 r  
    W5                                                0.000     0.000 r  CLK (IN)
                         net (fo=0)                   0.000     0.000    CLK
    W5                   IBUF (Prop_ibuf_I_O)         0.226     0.226 r  CLK_IBUF_inst/O
                         net (fo=1, routed)           0.631     0.858    CLK_IBUF
    BUFGCTRL_X0Y0        BUFG (Prop_bufg_I_O)         0.026     0.884 r  CLK_IBUF_BUFG_inst/O
                         net (fo=44, routed)          0.582     1.465    CLK_IBUF_BUFG
    SLICE_X63Y24         FDRE                                         r  clk_10khz_counter_reg[9]/C
  -------------------------------------------------------------------    -------------------
    SLICE_X63Y24         FDRE (Prop_fdre_C_Q)         0.141     1.606 r  clk_10khz_counter_reg[9]/Q
                         net (fo=2, routed)           0.117     1.723    clk_10khz_counter_reg_n_0_[9]
    SLICE_X63Y24         CARRY4 (Prop_carry4_S[0]_O[0])
                                                      0.115     1.838 r  clk_10khz_counter_reg[12]_i_1/O[0]
                         net (fo=1, routed)           0.000     1.838    data0[9]
    SLICE_X63Y24         FDRE                                         r  clk_10khz_counter_reg[9]/D
  -------------------------------------------------------------------    -------------------

                         (clock sys_clk_pin rise edge)
                                                      0.000     0.000 r  
    W5                                                0.000     0.000 r  CLK (IN)
                         net (fo=0)                   0.000     0.000    CLK
    W5                   IBUF (Prop_ibuf_I_O)         0.414     0.414 r  CLK_IBUF_inst/O
                         net (fo=1, routed)           0.685     1.099    CLK_IBUF
    BUFGCTRL_X0Y0        BUFG (Prop_bufg_I_O)         0.029     1.128 r  CLK_IBUF_BUFG_inst/O
                         net (fo=44, routed)          0.850     1.977    CLK_IBUF_BUFG
    SLICE_X63Y24         FDRE                                         r  clk_10khz_counter_reg[9]/C
                         clock pessimism             -0.512     1.465    
    SLICE_X63Y24         FDRE (Hold_fdre_C_D)         0.105     1.570    clk_10khz_counter_reg[9]
  -------------------------------------------------------------------
                         required time                         -1.570    
                         arrival time                           1.838    
  -------------------------------------------------------------------
                         slack                                  0.268    

Slack (MET) :             0.269ns  (arrival time - required time)
  Source:                 clk_10khz_counter_reg[15]/C
                            (rising edge-triggered cell FDRE clocked by sys_clk_pin  {rise@0.000ns fall@5.000ns period=10.000ns})
  Destination:            clk_10khz_counter_reg[15]/D
                            (rising edge-triggered cell FDRE clocked by sys_clk_pin  {rise@0.000ns fall@5.000ns period=10.000ns})
  Path Group:             sys_clk_pin
  Path Type:              Hold (Min at Fast Process Corner)
  Requirement:            0.000ns  (sys_clk_pin rise@0.000ns - sys_clk_pin rise@0.000ns)
  Data Path Delay:        0.374ns  (logic 0.252ns (67.467%)  route 0.122ns (32.533%))
  Logic Levels:           1  (CARRY4=1)
  Clock Path Skew:        0.000ns (DCD - SCD - CPR)
    Destination Clock Delay (DCD):    1.977ns
    Source Clock Delay      (SCD):    1.465ns
    Clock Pessimism Removal (CPR):    0.512ns

    Location             Delay type                Incr(ns)  Path(ns)    Netlist Resource(s)
  -------------------------------------------------------------------    -------------------
                         (clock sys_clk_pin rise edge)
                                                      0.000     0.000 r  
    W5                                                0.000     0.000 r  CLK (IN)
                         net (fo=0)                   0.000     0.000    CLK
    W5                   IBUF (Prop_ibuf_I_O)         0.226     0.226 r  CLK_IBUF_inst/O
                         net (fo=1, routed)           0.631     0.858    CLK_IBUF
    BUFGCTRL_X0Y0        BUFG (Prop_bufg_I_O)         0.026     0.884 r  CLK_IBUF_BUFG_inst/O
                         net (fo=44, routed)          0.582     1.465    CLK_IBUF_BUFG
    SLICE_X63Y25         FDRE                                         r  clk_10khz_counter_reg[15]/C
  -------------------------------------------------------------------    -------------------
    SLICE_X63Y25         FDRE (Prop_fdre_C_Q)         0.141     1.606 r  clk_10khz_counter_reg[15]/Q
                         net (fo=2, routed)           0.122     1.728    clk_10khz_counter_reg_n_0_[15]
    SLICE_X63Y25         CARRY4 (Prop_carry4_S[2]_O[2])
                                                      0.111     1.839 r  clk_10khz_counter_reg[15]_i_2/O[2]
                         net (fo=1, routed)           0.000     1.839    data0[15]
    SLICE_X63Y25         FDRE                                         r  clk_10khz_counter_reg[15]/D
  -------------------------------------------------------------------    -------------------

                         (clock sys_clk_pin rise edge)
                                                      0.000     0.000 r  
    W5                                                0.000     0.000 r  CLK (IN)
                         net (fo=0)                   0.000     0.000    CLK
    W5                   IBUF (Prop_ibuf_I_O)         0.414     0.414 r  CLK_IBUF_inst/O
                         net (fo=1, routed)           0.685     1.099    CLK_IBUF
    BUFGCTRL_X0Y0        BUFG (Prop_bufg_I_O)         0.029     1.128 r  CLK_IBUF_BUFG_inst/O
                         net (fo=44, routed)          0.850     1.977    CLK_IBUF_BUFG
    SLICE_X63Y25         FDRE                                         r  clk_10khz_counter_reg[15]/C
                         clock pessimism             -0.512     1.465    
    SLICE_X63Y25         FDRE (Hold_fdre_C_D)         0.105     1.570    clk_10khz_counter_reg[15]
  -------------------------------------------------------------------
                         required time                         -1.570    
                         arrival time                           1.839    
  -------------------------------------------------------------------
                         slack                                  0.269    

Slack (MET) :             0.280ns  (arrival time - required time)
  Source:                 clk_1hz_counter_reg[7]/C
                            (rising edge-triggered cell FDRE clocked by sys_clk_pin  {rise@0.000ns fall@5.000ns period=10.000ns})
  Destination:            clk_1hz_counter_reg[7]/D
                            (rising edge-triggered cell FDRE clocked by sys_clk_pin  {rise@0.000ns fall@5.000ns period=10.000ns})
  Path Group:             sys_clk_pin
  Path Type:              Hold (Min at Fast Process Corner)
  Requirement:            0.000ns  (sys_clk_pin rise@0.000ns - sys_clk_pin rise@0.000ns)
  Data Path Delay:        0.385ns  (logic 0.252ns (65.529%)  route 0.133ns (34.471%))
  Logic Levels:           1  (CARRY4=1)
  Clock Path Skew:        0.000ns (DCD - SCD - CPR)
    Destination Clock Delay (DCD):    1.979ns
    Source Clock Delay      (SCD):    1.467ns
    Clock Pessimism Removal (CPR):    0.512ns

    Location             Delay type                Incr(ns)  Path(ns)    Netlist Resource(s)
  -------------------------------------------------------------------    -------------------
                         (clock sys_clk_pin rise edge)
                                                      0.000     0.000 r  
    W5                                                0.000     0.000 r  CLK (IN)
                         net (fo=0)                   0.000     0.000    CLK
    W5                   IBUF (Prop_ibuf_I_O)         0.226     0.226 r  CLK_IBUF_inst/O
                         net (fo=1, routed)           0.631     0.858    CLK_IBUF
    BUFGCTRL_X0Y0        BUFG (Prop_bufg_I_O)         0.026     0.884 r  CLK_IBUF_BUFG_inst/O
                         net (fo=44, routed)          0.584     1.467    CLK_IBUF_BUFG
    SLICE_X58Y21         FDRE                                         r  clk_1hz_counter_reg[7]/C
  -------------------------------------------------------------------    -------------------
    SLICE_X58Y21         FDRE (Prop_fdre_C_Q)         0.141     1.608 r  clk_1hz_counter_reg[7]/Q
                         net (fo=2, routed)           0.133     1.741    clk_1hz_counter_reg_n_0_[7]
    SLICE_X58Y21         CARRY4 (Prop_carry4_S[2]_O[2])
                                                      0.111     1.852 r  clk_1hz_counter_reg[8]_i_1/O[2]
                         net (fo=1, routed)           0.000     1.852    clk_1hz_counter_reg[8]_i_1_n_5
    SLICE_X58Y21         FDRE                                         r  clk_1hz_counter_reg[7]/D
  -------------------------------------------------------------------    -------------------

                         (clock sys_clk_pin rise edge)
                                                      0.000     0.000 r  
    W5                                                0.000     0.000 r  CLK (IN)
                         net (fo=0)                   0.000     0.000    CLK
    W5                   IBUF (Prop_ibuf_I_O)         0.414     0.414 r  CLK_IBUF_inst/O
                         net (fo=1, routed)           0.685     1.099    CLK_IBUF
    BUFGCTRL_X0Y0        BUFG (Prop_bufg_I_O)         0.029     1.128 r  CLK_IBUF_BUFG_inst/O
                         net (fo=44, routed)          0.852     1.979    CLK_IBUF_BUFG
    SLICE_X58Y21         FDRE                                         r  clk_1hz_counter_reg[7]/C
                         clock pessimism             -0.512     1.467    
    SLICE_X58Y21         FDRE (Hold_fdre_C_D)         0.105     1.572    clk_1hz_counter_reg[7]
  -------------------------------------------------------------------
                         required time                         -1.572    
                         arrival time                           1.852    
  -------------------------------------------------------------------
                         slack                                  0.280    





Pulse Width Checks
--------------------------------------------------------------------------------------
Clock Name:         sys_clk_pin
Waveform(ns):       { 0.000 5.000 }
Period(ns):         10.000
Sources:            { CLK }

Check Type        Corner  Lib Pin  Reference Pin  Required(ns)  Actual(ns)  Slack(ns)  Location       Pin
Min Period        n/a     BUFG/I   n/a            2.155         10.000      7.845      BUFGCTRL_X0Y0  CLK_IBUF_BUFG_inst/I
Min Period        n/a     FDRE/C   n/a            1.000         10.000      9.000      SLICE_X63Y24   clk_10khz_counter_reg[11]/C
Min Period        n/a     FDRE/C   n/a            1.000         10.000      9.000      SLICE_X63Y24   clk_10khz_counter_reg[12]/C
Min Period        n/a     FDRE/C   n/a            1.000         10.000      9.000      SLICE_X63Y25   clk_10khz_counter_reg[13]/C
Min Period        n/a     FDRE/C   n/a            1.000         10.000      9.000      SLICE_X63Y25   clk_10khz_counter_reg[14]/C
Min Period        n/a     FDRE/C   n/a            1.000         10.000      9.000      SLICE_X63Y25   clk_10khz_counter_reg[15]/C
Min Period        n/a     FDRE/C   n/a            1.000         10.000      9.000      SLICE_X63Y22   clk_10khz_counter_reg[1]/C
Min Period        n/a     FDRE/C   n/a            1.000         10.000      9.000      SLICE_X63Y22   clk_10khz_counter_reg[2]/C
Min Period        n/a     FDRE/C   n/a            1.000         10.000      9.000      SLICE_X63Y22   clk_10khz_counter_reg[3]/C
Min Period        n/a     FDRE/C   n/a            1.000         10.000      9.000      SLICE_X63Y22   clk_10khz_counter_reg[4]/C
Low Pulse Width   Slow    FDRE/C   n/a            0.500         5.000       4.500      SLICE_X58Y20   clk_1hz_counter_reg[1]/C
Low Pulse Width   Slow    FDRE/C   n/a            0.500         5.000       4.500      SLICE_X58Y20   clk_1hz_counter_reg[2]/C
Low Pulse Width   Slow    FDRE/C   n/a            0.500         5.000       4.500      SLICE_X58Y20   clk_1hz_counter_reg[3]/C
Low Pulse Width   Slow    FDRE/C   n/a            0.500         5.000       4.500      SLICE_X58Y20   clk_1hz_counter_reg[4]/C
Low Pulse Width   Fast    FDRE/C   n/a            0.500         5.000       4.500      SLICE_X63Y24   clk_10khz_counter_reg[11]/C
Low Pulse Width   Fast    FDRE/C   n/a            0.500         5.000       4.500      SLICE_X63Y24   clk_10khz_counter_reg[12]/C
Low Pulse Width   Fast    FDRE/C   n/a            0.500         5.000       4.500      SLICE_X63Y25   clk_10khz_counter_reg[13]/C
Low Pulse Width   Fast    FDRE/C   n/a            0.500         5.000       4.500      SLICE_X63Y25   clk_10khz_counter_reg[14]/C
Low Pulse Width   Fast    FDRE/C   n/a            0.500         5.000       4.500      SLICE_X63Y25   clk_10khz_counter_reg[15]/C
Low Pulse Width   Fast    FDRE/C   n/a            0.500         5.000       4.500      SLICE_X63Y22   clk_10khz_counter_reg[1]/C
High Pulse Width  Slow    FDRE/C   n/a            0.500         5.000       4.500      SLICE_X63Y24   clk_10khz_counter_reg[11]/C
High Pulse Width  Slow    FDRE/C   n/a            0.500         5.000       4.500      SLICE_X63Y24   clk_10khz_counter_reg[12]/C
High Pulse Width  Slow    FDRE/C   n/a            0.500         5.000       4.500      SLICE_X63Y25   clk_10khz_counter_reg[13]/C
High Pulse Width  Slow    FDRE/C   n/a            0.500         5.000       4.500      SLICE_X63Y25   clk_10khz_counter_reg[14]/C
High Pulse Width  Slow    FDRE/C   n/a            0.500         5.000       4.500      SLICE_X63Y25   clk_10khz_counter_reg[15]/C
High Pulse Width  Slow    FDRE/C   n/a            0.500         5.000       4.500      SLICE_X63Y22   clk_10khz_counter_reg[1]/C
High Pulse Width  Slow    FDRE/C   n/a            0.500         5.000       4.500      SLICE_X63Y22   clk_10khz_counter_reg[2]/C
High Pulse Width  Slow    FDRE/C   n/a            0.500         5.000       4.500      SLICE_X63Y22   clk_10khz_counter_reg[3]/C
High Pulse Width  Slow    FDRE/C   n/a            0.500         5.000       4.500      SLICE_X63Y22   clk_10khz_counter_reg[4]/C
High Pulse Width  Slow    FDRE/C   n/a            0.500         5.000       4.500      SLICE_X63Y23   clk_10khz_counter_reg[5]/C



